superuser@test.fr | ::1 | Wednesday 22nd of May 2024 01:39:15 PM | Connexion réussie en tant que admin
superuser@test.fr | ::1 | Wednesday 22nd of May 2024 01:41:27 PM | Connexion réussie en tant que admin
simpleuser@test.fr | ::1 | Wednesday 22nd of May 2024 01:49:19 PM | Connexion raté
simpleuser@test.fr | ::1 | Wednesday 22nd of May 2024 01:49:31 PM | Connexion réussie en tant que user
superuser@test.fr | ::1 | Wednesday 22nd of May 2024 01:50:17 PM | Connexion réussie en tant que admin
superuser@test.fr | ::1 | Wednesday 22nd of May 2024 01:51:04 PM | Connexion réussie en tant que admin
superuser@test.fr | ::1 | Wednesday 22nd of May 2024 01:54:39 PM | Connexion réussie en tant que admin
superuser@test.fr | ::1 | Wednesday 22nd of May 2024 01:57:39 PM | Connexion réussie en tant que admin
simpleuser@test.fr | ::1 | Wednesday 22nd of May 2024 02:02:19 PM | Connexion réussie en tant que user
superuser@test.fr | ::1 | Wednesday 22nd of May 2024 02:08:02 PM | Connexion réussie en tant que admin
superuser@test.fr | ::1 | Wednesday 22nd of May 2024 03:36:03 PM | Connexion réussie en tant que admin
superuser@test.fr | ::1 | Wednesday 22nd of May 2024 03:38:52 PM | Connexion réussie en tant que admin
superuser@test.fr | ::1 | Wednesday 22nd of May 2024 03:48:17 PM | Connexion réussie en tant que admin
superuser@test.fr | ::1 | Wednesday 22nd of May 2024 03:59:42 PM | Connexion réussie en tant que admin
superuser@test.fr | ::1 | Thursday 23rd of May 2024 06:20:38 AM | Connexion raté
superuser@test.fr | ::1 | Thursday 23rd of May 2024 06:20:50 AM | Connexion réussie en tant que admin
admin@test.fr | ::1 | Thursday 23rd of May 2024 08:29:03 AM | Connexion raté
superuser@test.fr | ::1 | Thursday 23rd of May 2024 08:31:06 AM | Connexion réussie en tant que admin
superuser@test.fr | ::1 | Thursday 23rd of May 2024 09:09:05 AM | Connexion réussie en tant que admin
superuser@test.fr | ::1 | Thursday 23rd of May 2024 10:26:31 AM | Connexion raté
superuser@test.fr | ::1 | Thursday 23rd of May 2024 10:26:45 AM | Connexion réussie en tant que admin
superuser@test.fr | ::1 | Thursday 23rd of May 2024 11:00:30 AM | Connexion réussie en tant que admin
<<<<<<< Updated upstream
superuser@test.fr | ::1 | Thursday 23rd of May 2024 01:31:07 PM | Connexion réussie en tant que admin
superuser@test.fr | ::1 | Thursday 23rd of May 2024 01:35:43 PM | Connexion réussie en tant que admin
=======
superuser@test.fr | ::1 | Thursday 23rd of May 2024 02:35:20 PM | Connexion réussie en tant que admin
>>>>>>> Stashed changes
superuser@test.fr | ::1 | Thursday 23rd of May 2024 05:32:01 PM | Connexion réussie en tant que admin
simpleuser@test.fr | ::1 | Friday 24th of May 2024 01:34:55 PM | Connexion raté
superuser@test.fr | ::1 | Friday 24th of May 2024 01:35:17 PM | Connexion réussie en tant que admin
superuser@test.fr | ::1 | Friday 24th of May 2024 01:49:56 PM | Connexion réussie en tant que admin
superuser@test.fr | 127.0.0.1 | Friday 24th of May 2024 02:06:07 PM | Connexion réussie en tant que admin
superuser@test.fr | ::1 | Friday 24th of May 2024 12:13:17 PM | Connexion réussie en tant que admin
superuser@test.fr | ::1 | Saturday 25th of May 2024 08:39:10 AM | Connexion réussie en tant que admin
superuser@test.fr | ::1 | Tuesday 28th of May 2024 08:08:32 AM | Connexion réussie en tant que admin
superuser@test.fr | ::1 | Tuesday 28th of May 2024 11:29:25 AM | Connexion raté
superuser@test.fr | ::1 | Tuesday 28th of May 2024 11:29:36 AM | Connexion réussie en tant que admin
superuser@test.fr | ::1 | Tuesday 28th of May 2024 01:55:33 PM | Connexion réussie en tant que admin
superuser@test.fr | ::1 | Friday 31st of May 2024 08:26:31 AM | Connexion réussie en tant que admin
superuser@test.fr | ::1 | Friday 31st of May 2024 09:40:51 AM | Connexion ratée
superuser@test.fr | ::1 | Friday 31st of May 2024 09:41:02 AM | Connexion réussie en tant que admin
superuser@test.fr | ::1 | Monday 3rd of June 2024 10:53:32 AM | Connexion réussie en tant que admin
superuser@test.fr | ::1 | Tuesday 4th of June 2024 12:19:38 PM | Connexion réussie en tant que admin
superuser@test.fr | ::1 | Tuesday 4th of June 2024 03:50:38 PM | Connexion réussie en tant que admin
simpleuser@test.fr | ::1 | Tuesday 4th of June 2024 05:24:25 PM | Connexion réussie en tant que user
superuser@test.fr | ::1 | Tuesday 4th of June 2024 05:26:46 PM | Connexion réussie en tant que admin
testuser@test.fr | ::1 | Friday 7th of June 2024 06:41:36 AM | Connexion ratée
testuser@test.fr | ::1 | Friday 7th of June 2024 06:42:48 AM | Connexion ratée
testuser@test.fr | ::1 | Friday 7th of June 2024 06:42:56 AM | Connexion ratée
testuser@test.fr | ::1 | Friday 7th of June 2024 06:43:43 AM | Connexion ratée
superuser@test.fr | ::1 | Friday 7th of June 2024 06:43:55 AM | Connexion ratée
superuser@test.fr | ::1 | Friday 7th of June 2024 06:44:28 AM | Connexion ratée
superuser@test.fr | ::1 | Friday 7th of June 2024 06:44:58 AM | Connexion ratée
superuser@test.fr | ::1 | Friday 7th of June 2024 06:47:19 AM | Connexion réussie en tant que admin
superuser@test.fr | ::1 | Friday 7th of June 2024 10:25:20 AM | Connexion réussie en tant que admin
superuser@test.fr | ::1 | Friday 7th of June 2024 11:51:35 AM | Connexion réussie en tant que admin
superuser@test.fr | ::1 | Friday 7th of June 2024 12:31:22 PM | Connexion réussie en tant que admin
superuser@test.fr | ::1 | Saturday 8th of June 2024 09:44:43 AM | Connexion réussie en tant que admin
superuser@test.fr | ::1 | Monday 10th of June 2024 02:42:40 PM | Connexion réussie en tant que admin
superuser@test.fr | ::1 | Monday 10th of June 2024 03:14:30 PM | Connexion réussie en tant que admin
fgfgf | ::1 | Monday 10th of June 2024 03:24:22 PM | Connexion ratée
superuser@test.fr | ::1 | Monday 10th of June 2024 03:24:38 PM | Connexion réussie en tant que admin
superuser@test.fr | ::1 | Monday 10th of June 2024 03:25:42 PM | Connexion réussie en tant que admin
simpleuser@test.fr | ::1 | Monday 10th of June 2024 03:39:36 PM | Connexion réussie en tant que user
superuser@test.fr | ::1 | Monday 10th of June 2024 03:40:19 PM | Connexion ratée
superuser@test.fr | ::1 | Monday 10th of June 2024 03:40:28 PM | Connexion réussie en tant que admin
superuser@test.fr | ::1 | Monday 10th of June 2024 03:56:01 PM | Connexion réussie en tant que admin
superuser@test.fr | ::1 | Monday 10th of June 2024 04:14:42 PM | Connexion ratée
superuser@test.fr | ::1 | Monday 10th of June 2024 04:16:05 PM | Connexion ratée
superuser@test.fr | ::1 | Monday 10th of June 2024 04:16:49 PM | Connexion ratée
superuser@test.fr | ::1 | Monday 10th of June 2024 04:17:44 PM | Connexion ratée
superuser@test.fr | ::1 | Monday 10th of June 2024 07:42:24 PM | Connexion réussie en tant que admin
simpleuser@test.fr | 127.0.0.1 | Thursday 18th of September 2025 07:52:21 AM | Connexion réussie en tant que user
